<?xml version="1.0" encoding="UTF-8"?>
<!-- Generated by org.testng.reporters.JUnitXMLReporter -->
<testsuite hostname="SWITCH-PC10" name="firefoxlaunch" tests="1" failures="0" timestamp="11 May 2022 06:05:43 GMT" time="0.014" errors="0">
  <testcase name="@BeforeTest setup" time="0.0" classname="using_Extent_reports.Sample_report_crossbrowser">
    <failure type="java.lang.Exception" message="Browser is not correct">
      <![CDATA[java.lang.Exception: Browser is not correct
	at using_Extent_reports.Sample_report_crossbrowser.setup(Sample_report_crossbrowser.java:55)
... Removed 23 stack frames]]>
    </failure>
  </testcase> <!-- @BeforeTest setup -->
  <testcase name="testParameterWithXML" time="0.002" classname="using_Extent_reports.Sample_report_crossbrowser">
    <skipped/>
  </testcase> <!-- testParameterWithXML -->
</testsuite> <!-- firefoxlaunch -->
